Arguments: 
  C:\Program Files\nodejs\node.exe C:\Program Files (x86)\Yarn\bin\yarn.js install

PATH: 
  C:\Program Files (x86)\Common Files\Oracle\Java\javapath;C:\Program Files (x86)\Intel\Intel(R) Management Engine Components\iCLS\;C:\Program Files\Intel\Intel(R) Management Engine Components\iCLS\;C:\Windows\system32;C:\Windows;C:\Windows\System32\Wbem;C:\Windows\System32\WindowsPowerShell\v1.0\;C:\Program Files (x86)\Intel\Intel(R) Management Engine Components\DAL;C:\Program Files\Intel\Intel(R) Management Engine Components\DAL;C:\Program Files (x86)\Intel\Intel(R) Management Engine Components\IPT;C:\Program Files\Intel\Intel(R) Management Engine Components\IPT;C:\Program Files (x86)\NVIDIA Corporation\PhysX\Common;C:\WINDOWS\system32;C:\WINDOWS;C:\WINDOWS\System32\Wbem;C:\WINDOWS\System32\WindowsPowerShell\v1.0\;C:\WINDOWS\System32\OpenSSH\;C:\Program Files\nodejs\;C:\ProgramData\chocolatey\bin;C:\PuTTY\;C:\Program Files\Git\cmd;C:\Program Files\WSO2\Identity Server\5.10.0\bin;C:\Program Files\TortoiseGit\bin;C:\Program Files (x86)\Yarn\bin\;C:\Program Files\Microsoft VS Code\bin;C:\Program Files\Docker\Docker\resources\bin;C:\ProgramData\DockerDesktop\version-bin;C:\Users\cleve\AppData\Local\Microsoft\WindowsApps;C:\Program Files\Docker Toolbox;C:\Users\cleve\AppData\Roaming\npm;C:\kops;C:\Users\cleve\AppData\Local\Programs\Python\Python37\Scripts;C:\Users\cleve\AppData\Local\Programs\Python\Python37;C:\Users\cleve\AppData\Roaming\Python\Python37\Scripts;c:\maven\bin\;C:\Users\cleve\AppData\Local\Yarn\bin;C:\Program Files\OpenSSL-Win64\bin;

Yarn version: 
  1.22.5

Node version: 
  10.16.3

Platform: 
  win32 x64

Trace: 
  Error: connect ECONNABORTED 104.16.27.35:443
      at TCPConnectWrap.afterConnect [as oncomplete] (net.js:1106:14)

npm manifest: 
  {
    "name": "create-react-app",
    "version": "4.0.0",
    "private": true,
    "scripts": {
      "start": "react-scripts start",
      "build": "react-scripts build",
      "test": "react-scripts test",
      "eject": "react-scripts eject"
    },
    "dependencies": {
      "@material-ui/core": "latest",
      "clsx": "latest",
      "react": "latest",
      "react-dom": "latest",
      "react-scripts": "latest"
    },
    "browserslist": {
      "production": [
        ">0.2%",
        "not dead",
        "not op_mini all"
      ],
      "development": [
        "last 1 chrome version",
        "last 1 firefox version",
        "last 1 safari version"
      ]
    }
  }

yarn manifest: 
  No manifest

Lockfile: 
  No lockfile
